<?xml version="1.0" encoding="UTF-8"?>
<!-- Generated by org.testng.reporters.JUnitReportReporter -->
<testsuite hostname="Lenovo-PC" failures="0" tests="1" name="uitests.SearchBooking" time="250.548" errors="0" timestamp="2022-03-11T16:42:17 EET" skipped="0">
  <testcase classname="uitests.SearchBooking" name="searchBooking" time="250.548"/>
  <system-out/>
</testsuite> <!-- uitests.SearchBooking -->
